<?xml version="1.0" encoding="UTF-8"?>
<testng-results ignored="0" total="1" passed="1" failed="0" skipped="0">
  <reporter-output>
  </reporter-output>
  <suite started-at="2024-02-19T13:49:54 IST" name="Default suite" finished-at="2024-02-19T13:49:57 IST" duration-ms="3302">
    <groups>
    </groups>
    <test started-at="2024-02-19T13:49:54 IST" name="Default test" finished-at="2024-02-19T13:49:57 IST" duration-ms="3302">
      <class name="com.shopperstact.task.T6">
        <test-method signature="createUser()[pri:0, instance:com.shopperstact.task.T6@20ce78ec]" started-at="2024-02-19T13:49:54 IST" name="createUser" finished-at="2024-02-19T13:49:57 IST" duration-ms="3243" status="PASS">
          <reporter-output>
          </reporter-output>
        </test-method> <!-- createUser -->
      </class> <!-- com.shopperstact.task.T6 -->
    </test> <!-- Default test -->
  </suite> <!-- Default suite -->
</testng-results>
